2019-06-04 00:00:22.674  WARN 6512 --- [http-nio-8087-exec-4] .w.s.m.s.DefaultHandlerExceptionResolver : Resolved [org.springframework.web.method.annotation.MethodArgumentTypeMismatchException: Failed to convert value of type 'java.lang.String' to required type 'java.util.Date'; nested exception is org.springframework.core.convert.ConversionFailedException: Failed to convert from type [java.lang.String] to type [@org.springframework.web.bind.annotation.PathVariable java.util.Date] for value '08-07-1992'; nested exception is java.lang.IllegalArgumentException]
2019-06-04 00:00:50.166  WARN 6512 --- [http-nio-8087-exec-6] .w.s.m.s.DefaultHandlerExceptionResolver : Resolved [org.springframework.web.method.annotation.MethodArgumentTypeMismatchException: Failed to convert value of type 'java.lang.String' to required type 'java.util.Date'; nested exception is org.springframework.core.convert.ConversionFailedException: Failed to convert from type [java.lang.String] to type [@org.springframework.web.bind.annotation.PathVariable java.util.Date] for value '08-07-1992'; nested exception is java.lang.IllegalArgumentException]
2019-06-04 00:01:35.855  WARN 6512 --- [http-nio-8087-exec-9] .w.s.m.s.DefaultHandlerExceptionResolver : Resolved [org.springframework.web.method.annotation.MethodArgumentTypeMismatchException: Failed to convert value of type 'java.lang.String' to required type 'java.util.Date'; nested exception is org.springframework.core.convert.ConversionFailedException: Failed to convert from type [java.lang.String] to type [@org.springframework.web.bind.annotation.PathVariable java.util.Date] for value '"08-07-1992"'; nested exception is java.lang.IllegalArgumentException]
2019-06-04 00:03:57.154 ERROR 16892 --- [main] o.s.b.c.l.LoggingApplicationListener     : Cannot set level 'ALL' for 'com.aristotle'
2019-06-04 00:03:57.164 ERROR 16892 --- [main] o.s.b.c.l.LoggingApplicationListener     : Cannot set level 'ALL' for 'com.next'
2019-06-04 00:03:57.684  INFO 16892 --- [main] com.abhi.demo.DemoApplication            : Starting DemoApplication on LAPTOP-HPDHVI2F with PID 16892 (started by Abhishek Raj in E:\RaviSir Task\demo\demo)
2019-06-04 00:03:57.687  INFO 16892 --- [main] com.abhi.demo.DemoApplication            : No active profile set, falling back to default profiles: default
2019-06-04 00:04:04.668  INFO 16892 --- [main] o.apache.catalina.core.StandardService   : Starting service [Tomcat]
2019-06-04 00:04:04.669  INFO 16892 --- [main] org.apache.catalina.core.StandardEngine  : Starting Servlet engine: [Apache Tomcat/9.0.19]
2019-06-04 00:04:05.145  INFO 16892 --- [main] o.a.c.c.C.[Tomcat].[localhost].[/]       : Initializing Spring embedded WebApplicationContext
2019-06-04 00:04:05.853  INFO 16892 --- [main] com.zaxxer.hikari.HikariDataSource       : HikariPool-1 - Starting...
2019-06-04 00:04:05.865  WARN 16892 --- [main] com.zaxxer.hikari.util.DriverDataSource  : Registered driver with driverClassName=com.mysql.jdbc.Driver was not found, trying direct instantiation.
2019-06-04 00:04:07.956  INFO 16892 --- [main] com.zaxxer.hikari.HikariDataSource       : HikariPool-1 - Start completed.
2019-06-04 00:04:08.256  INFO 16892 --- [main] o.hibernate.jpa.internal.util.LogHelper  : HHH000204: Processing PersistenceUnitInfo [
	name: default
	...]
2019-06-04 00:04:08.696  INFO 16892 --- [main] org.hibernate.Version                    : HHH000412: Hibernate Core {5.3.10.Final}
2019-06-04 00:04:08.701  INFO 16892 --- [main] org.hibernate.cfg.Environment            : HHH000206: hibernate.properties not found
2019-06-04 00:04:09.247  INFO 16892 --- [main] o.hibernate.annotations.common.Version   : HCANN000001: Hibernate Commons Annotations {5.0.4.Final}
2019-06-04 00:04:09.941  INFO 16892 --- [main] org.hibernate.dialect.Dialect            : HHH000400: Using dialect: org.hibernate.dialect.MySQL5Dialect
2019-06-04 00:04:15.339  WARN 16892 --- [main] aWebConfiguration$JpaWebMvcConfiguration : spring.jpa.open-in-view is enabled by default. Therefore, database queries may be performed during view rendering. Explicitly configure spring.jpa.open-in-view to disable this warning
2019-06-04 00:04:16.331  INFO 16892 --- [main] com.abhi.demo.DemoApplication            : Started DemoApplication in 20.344 seconds (JVM running for 22.159)
2019-06-04 00:04:18.824  INFO 16892 --- [http-nio-8087-exec-2] o.a.c.c.C.[Tomcat].[localhost].[/]       : Initializing Spring DispatcherServlet 'dispatcherServlet'
2019-06-04 00:04:18.995  WARN 16892 --- [http-nio-8087-exec-2] .w.s.m.s.DefaultHandlerExceptionResolver : Resolved [org.springframework.web.method.annotation.MethodArgumentTypeMismatchException: Failed to convert value of type 'java.lang.String' to required type 'java.util.Date'; nested exception is org.springframework.core.convert.ConversionFailedException: Failed to convert from type [java.lang.String] to type [@org.springframework.web.bind.annotation.PathVariable java.util.Date] for value '"08-07-1992"'; nested exception is java.lang.IllegalArgumentException]
2019-06-04 00:05:09.749  WARN 16892 --- [http-nio-8087-exec-4] .w.s.m.s.DefaultHandlerExceptionResolver : Resolved [org.springframework.web.method.annotation.MethodArgumentTypeMismatchException: Failed to convert value of type 'java.lang.String' to required type 'java.util.Date'; nested exception is org.springframework.core.convert.ConversionFailedException: Failed to convert from type [java.lang.String] to type [@org.springframework.web.bind.annotation.PathVariable java.util.Date] for value '08-07-1992'; nested exception is java.lang.IllegalArgumentException]
2019-06-04 00:15:29.923 ERROR 20884 --- [main] o.s.b.c.l.LoggingApplicationListener     : Cannot set level 'ALL' for 'com.aristotle'
2019-06-04 00:15:29.942 ERROR 20884 --- [main] o.s.b.c.l.LoggingApplicationListener     : Cannot set level 'ALL' for 'com.next'
2019-06-04 00:15:30.234  INFO 20884 --- [main] c.abhi.demo.serviceTest.UserServiceTest  : Starting UserServiceTest on LAPTOP-HPDHVI2F with PID 20884 (started by Abhishek Raj in E:\RaviSir Task\demo\demo)
2019-06-04 00:15:30.236  INFO 20884 --- [main] c.abhi.demo.serviceTest.UserServiceTest  : No active profile set, falling back to default profiles: default
2019-06-04 00:15:34.627  INFO 20884 --- [main] com.zaxxer.hikari.HikariDataSource       : HikariPool-1 - Starting...
2019-06-04 00:15:34.639  WARN 20884 --- [main] com.zaxxer.hikari.util.DriverDataSource  : Registered driver with driverClassName=com.mysql.jdbc.Driver was not found, trying direct instantiation.
2019-06-04 00:15:37.035  INFO 20884 --- [main] com.zaxxer.hikari.HikariDataSource       : HikariPool-1 - Start completed.
2019-06-04 00:15:37.429  INFO 20884 --- [main] o.hibernate.jpa.internal.util.LogHelper  : HHH000204: Processing PersistenceUnitInfo [
	name: default
	...]
2019-06-04 00:15:37.630  INFO 20884 --- [main] org.hibernate.Version                    : HHH000412: Hibernate Core {5.3.10.Final}
2019-06-04 00:15:37.636  INFO 20884 --- [main] org.hibernate.cfg.Environment            : HHH000206: hibernate.properties not found
2019-06-04 00:15:37.981  INFO 20884 --- [main] o.hibernate.annotations.common.Version   : HCANN000001: Hibernate Commons Annotations {5.0.4.Final}
2019-06-04 00:15:38.283  INFO 20884 --- [main] org.hibernate.dialect.Dialect            : HHH000400: Using dialect: org.hibernate.dialect.MySQL5Dialect
2019-06-04 00:15:43.332  WARN 20884 --- [main] aWebConfiguration$JpaWebMvcConfiguration : spring.jpa.open-in-view is enabled by default. Therefore, database queries may be performed during view rendering. Explicitly configure spring.jpa.open-in-view to disable this warning
2019-06-04 00:15:44.442  INFO 20884 --- [main] c.abhi.demo.serviceTest.UserServiceTest  : Started UserServiceTest in 15.426 seconds (JVM running for 21.484)
2019-06-04 00:15:45.250  INFO 20884 --- [main] o.h.h.i.QueryTranslatorFactoryInitiator  : HHH000397: Using ASTQueryTranslatorFactory
2019-06-04 00:15:46.970  INFO 20884 --- [Thread-3] com.zaxxer.hikari.HikariDataSource       : HikariPool-1 - Shutdown initiated...
2019-06-04 00:15:47.002  INFO 20884 --- [Thread-3] com.zaxxer.hikari.HikariDataSource       : HikariPool-1 - Shutdown completed.
2019-06-04 00:16:19.903 ERROR 16948 --- [main] o.s.b.c.l.LoggingApplicationListener     : Cannot set level 'ALL' for 'com.aristotle'
2019-06-04 00:16:19.911 ERROR 16948 --- [main] o.s.b.c.l.LoggingApplicationListener     : Cannot set level 'ALL' for 'com.next'
2019-06-04 00:16:20.328  INFO 16948 --- [main] com.abhi.demo.DemoApplication            : Starting DemoApplication on LAPTOP-HPDHVI2F with PID 16948 (started by Abhishek Raj in E:\RaviSir Task\demo\demo)
2019-06-04 00:16:20.330  INFO 16948 --- [main] com.abhi.demo.DemoApplication            : No active profile set, falling back to default profiles: default
2019-06-04 00:16:27.367  INFO 16948 --- [main] o.apache.catalina.core.StandardService   : Starting service [Tomcat]
2019-06-04 00:16:27.368  INFO 16948 --- [main] org.apache.catalina.core.StandardEngine  : Starting Servlet engine: [Apache Tomcat/9.0.19]
2019-06-04 00:16:27.853  INFO 16948 --- [main] o.a.c.c.C.[Tomcat].[localhost].[/]       : Initializing Spring embedded WebApplicationContext
2019-06-04 00:16:28.446  INFO 16948 --- [main] com.zaxxer.hikari.HikariDataSource       : HikariPool-1 - Starting...
2019-06-04 00:16:28.457  WARN 16948 --- [main] com.zaxxer.hikari.util.DriverDataSource  : Registered driver with driverClassName=com.mysql.jdbc.Driver was not found, trying direct instantiation.
2019-06-04 00:16:29.992  INFO 16948 --- [main] com.zaxxer.hikari.HikariDataSource       : HikariPool-1 - Start completed.
2019-06-04 00:16:30.148  INFO 16948 --- [main] o.hibernate.jpa.internal.util.LogHelper  : HHH000204: Processing PersistenceUnitInfo [
	name: default
	...]
2019-06-04 00:16:30.530  INFO 16948 --- [main] org.hibernate.Version                    : HHH000412: Hibernate Core {5.3.10.Final}
2019-06-04 00:16:30.532  INFO 16948 --- [main] org.hibernate.cfg.Environment            : HHH000206: hibernate.properties not found
2019-06-04 00:16:31.095  INFO 16948 --- [main] o.hibernate.annotations.common.Version   : HCANN000001: Hibernate Commons Annotations {5.0.4.Final}
2019-06-04 00:16:31.492  INFO 16948 --- [main] org.hibernate.dialect.Dialect            : HHH000400: Using dialect: org.hibernate.dialect.MySQL5Dialect
2019-06-04 00:16:34.628  WARN 16948 --- [main] aWebConfiguration$JpaWebMvcConfiguration : spring.jpa.open-in-view is enabled by default. Therefore, database queries may be performed during view rendering. Explicitly configure spring.jpa.open-in-view to disable this warning
2019-06-04 00:16:35.790  INFO 16948 --- [main] com.abhi.demo.DemoApplication            : Started DemoApplication in 16.971 seconds (JVM running for 18.695)
2019-06-04 00:16:38.631  INFO 16948 --- [http-nio-8087-exec-2] o.a.c.c.C.[Tomcat].[localhost].[/]       : Initializing Spring DispatcherServlet 'dispatcherServlet'
2019-06-04 00:16:39.062  INFO 16948 --- [http-nio-8087-exec-2] o.h.h.i.QueryTranslatorFactoryInitiator  : HHH000397: Using ASTQueryTranslatorFactory
2019-06-04 00:23:36.216 ERROR 5852 --- [main] o.s.b.c.l.LoggingApplicationListener     : Cannot set level 'ALL' for 'com.aristotle'
2019-06-04 00:23:36.219 ERROR 5852 --- [main] o.s.b.c.l.LoggingApplicationListener     : Cannot set level 'ALL' for 'com.next'
2019-06-04 00:23:36.490  INFO 5852 --- [main] c.abhi.demo.serviceTest.UserServiceTest  : Starting UserServiceTest on LAPTOP-HPDHVI2F with PID 5852 (started by Abhishek Raj in E:\RaviSir Task\demo\demo)
2019-06-04 00:23:36.491  INFO 5852 --- [main] c.abhi.demo.serviceTest.UserServiceTest  : No active profile set, falling back to default profiles: default
2019-06-04 00:23:41.024  INFO 5852 --- [main] com.zaxxer.hikari.HikariDataSource       : HikariPool-1 - Starting...
2019-06-04 00:23:41.032  WARN 5852 --- [main] com.zaxxer.hikari.util.DriverDataSource  : Registered driver with driverClassName=com.mysql.jdbc.Driver was not found, trying direct instantiation.
2019-06-04 00:23:42.945  INFO 5852 --- [main] com.zaxxer.hikari.HikariDataSource       : HikariPool-1 - Start completed.
2019-06-04 00:23:43.369  INFO 5852 --- [main] o.hibernate.jpa.internal.util.LogHelper  : HHH000204: Processing PersistenceUnitInfo [
	name: default
	...]
2019-06-04 00:23:43.493  INFO 5852 --- [main] org.hibernate.Version                    : HHH000412: Hibernate Core {5.3.10.Final}
2019-06-04 00:23:43.496  INFO 5852 --- [main] org.hibernate.cfg.Environment            : HHH000206: hibernate.properties not found
2019-06-04 00:23:43.831  INFO 5852 --- [main] o.hibernate.annotations.common.Version   : HCANN000001: Hibernate Commons Annotations {5.0.4.Final}
2019-06-04 00:23:44.322  INFO 5852 --- [main] org.hibernate.dialect.Dialect            : HHH000400: Using dialect: org.hibernate.dialect.MySQL5Dialect
2019-06-04 00:23:47.891  WARN 5852 --- [main] aWebConfiguration$JpaWebMvcConfiguration : spring.jpa.open-in-view is enabled by default. Therefore, database queries may be performed during view rendering. Explicitly configure spring.jpa.open-in-view to disable this warning
2019-06-04 00:23:48.633  INFO 5852 --- [main] c.abhi.demo.serviceTest.UserServiceTest  : Started UserServiceTest in 13.21 seconds (JVM running for 15.284)
2019-06-04 00:23:49.202  INFO 5852 --- [main] o.h.h.i.QueryTranslatorFactoryInitiator  : HHH000397: Using ASTQueryTranslatorFactory
2019-06-04 00:23:51.145  INFO 5852 --- [Thread-3] com.zaxxer.hikari.HikariDataSource       : HikariPool-1 - Shutdown initiated...
2019-06-04 00:23:51.190  INFO 5852 --- [Thread-3] com.zaxxer.hikari.HikariDataSource       : HikariPool-1 - Shutdown completed.
